<?xml version="1.0" encoding="UTF-8"?>
<!-- Generated by org.testng.reporters.JUnitReportReporter -->
<testsuite hostname="gigla" name="com.phptravel.tests.SearchTest" tests="3" failures="0" timestamp="18 Apr 2017 13:46:23 GMT" time="81.915" errors="0">
  <testcase name="SearchTest" time="29.229" classname="com.phptravel.tests.SearchTest"/>
  <testcase name="SearchTest" time="26.876" classname="com.phptravel.tests.SearchTest"/>
  <testcase name="SearchTest" time="25.810" classname="com.phptravel.tests.SearchTest"/>
</testsuite> <!-- com.phptravel.tests.SearchTest -->
