<?xml version="1.0" encoding="UTF-8"?>
<!-- Generated by org.testng.reporters.JUnitReportReporter -->
<testsuite hostname="gigla" name="com.phptravel.tests.LoginTest" tests="9" failures="0" timestamp="11 Apr 2017 21:05:07 GMT" time="88.239" errors="0">
  <testcase name="LoginTest" time="10.812" classname="com.phptravel.tests.LoginTest"/>
  <testcase name="LoginTest" time="9.270" classname="com.phptravel.tests.LoginTest"/>
  <testcase name="LoginTest" time="11.116" classname="com.phptravel.tests.LoginTest"/>
  <testcase name="LoginTest" time="8.829" classname="com.phptravel.tests.LoginTest"/>
  <testcase name="LoginTest" time="9.760" classname="com.phptravel.tests.LoginTest"/>
  <testcase name="LoginTest" time="8.797" classname="com.phptravel.tests.LoginTest"/>
  <testcase name="LoginTest" time="10.274" classname="com.phptravel.tests.LoginTest"/>
  <testcase name="LoginTest" time="10.009" classname="com.phptravel.tests.LoginTest"/>
  <testcase name="LoginTest" time="9.372" classname="com.phptravel.tests.LoginTest"/>
</testsuite> <com.phptravel.testsests.LoginTest -->
