<?xml version="1.0" encoding="UTF-8"?>
<!-- Generated by org.testng.reporters.JUnitReportReporter -->
<testsuite hostname="gigla" name="com.phptravel.tests.LoginTest" tests="9" failures="0" timestamp="18 Apr 2017 13:46:23 GMT" time="86.791" errors="0">
  <testcase name="LoginTest" time="11.413" classname="com.phptravel.tests.LoginTest"/>
  <testcase name="LoginTest" time="9.605" classname="com.phptravel.tests.LoginTest"/>
  <testcase name="LoginTest" time="9.217" classname="com.phptravel.tests.LoginTest"/>
  <testcase name="LoginTest" time="9.384" classname="com.phptravel.tests.LoginTest"/>
  <testcase name="LoginTest" time="9.339" classname="com.phptravel.tests.LoginTest"/>
  <testcase name="LoginTest" time="10.087" classname="com.phptravel.tests.LoginTest"/>
  <testcase name="LoginTest" time="9.400" classname="com.phptravel.tests.LoginTest"/>
  <testcase name="LoginTest" time="9.248" classname="com.phptravel.tests.LoginTest"/>
  <testcase name="LoginTest" time="9.098" classname="com.phptravel.tests.LoginTest"/>
</testsuite> <!-- com.phptravel.tests.LoginTest -->
