<?xml version="1.0" encoding="UTF-8"?>
<!-- Generated by org.testng.reporters.JUnitReportReporter -->
<testsuite hostname="gigla" name="com.phptravel.tests.TestTest1" tests="1" failures="0" timestamp="17 Apr 2017 22:18:09 GMT" time="47.179" errors="0">
  <testcase name="TestTest1" time="47.179" classname="com.phptravel.tests.TestTest1"/>
</testsuite> <!-- com.phptravel.tests.TestTest1 -->
